2025-10-22 00:00:18 [info]: ::1 - GET /api/v1/app/folders-with-leads 304 - 49ms
2025-10-22 00:00:18 [info]: ::1 - GET /api/v1/app/marquee 304 - 53ms
2025-10-22 00:00:18 [info]: ::1 - GET /api/v1/app/68f75ce21929292bbed8fbc5/files 304 - 97ms
2025-10-22 00:00:19 [info]: ::1 - GET /api/v1/app/68f77c54a4742181259cdc9f/files 304 - 99ms
2025-10-22 00:00:20 [info]: ::1 - GET /api/v1/app/68f7bb96372a7102ef00bcfc/files 304 - 94ms
2025-10-22 00:00:20 [info]: ::1 - GET /api/v1/app/68f7c505fc6d5a1c004870a9/files 304 - 102ms
2025-10-22 00:00:21 [info]: ::1 - GET /api/v1/app/68f75ce21929292bbed8fbc5/files 304 - 91ms
2025-10-22 00:00:23 [info]: ::1 - GET /api/v1/app/68f77c54a4742181259cdc9f/files 304 - 101ms
2025-10-22 00:00:23 [info]: ::1 - GET /api/v1/app/68f7bb96372a7102ef00bcfc/files 304 - 97ms
2025-10-22 00:01:44 [info]: ::1 - GET /api/v1/app/folders-with-leads 304 - 96ms
2025-10-22 00:01:44 [info]: ::1 - GET /api/v1/app/marquee 304 - 88ms
2025-10-22 00:01:44 [info]: ::1 - GET /api/v1/app/68f77c54a4742181259cdc9f/files 304 - 138ms
2025-10-22 00:02:02 [info]: ::1 - GET /api/v1/app/marquee 304 - 49ms
2025-10-22 00:02:02 [info]: ::1 - GET /api/v1/app/folders-with-leads 304 - 52ms
2025-10-22 00:02:02 [info]: ::1 - GET /api/v1/app/68f77c54a4742181259cdc9f/files 304 - 96ms
2025-10-22 00:02:31 [info]: ::1 - GET /api/v1/app/folders-with-subfolders 304 - 95ms
2025-10-22 00:02:32 [info]: ::1 - GET /api/v1/app/marquee 304 - 49ms
2025-10-22 00:02:32 [info]: ::1 - GET /api/v1/app/68f77c54a4742181259cdc9f/files 304 - 106ms
2025-10-22 00:02:34 [info]: ::1 - GET /api/v1/app/68f7bb96372a7102ef00bcfc/files 304 - 117ms
2025-10-22 00:02:35 [info]: ::1 - GET /api/v1/app/68f7c505fc6d5a1c004870a9/files 304 - 118ms
2025-10-22 00:02:37 [info]: ::1 - GET /api/v1/app/68f7bb96372a7102ef00bcfc/files 304 - 107ms
2025-10-22 00:02:38 [info]: ::1 - GET /api/v1/app/68f77c54a4742181259cdc9f/files 304 - 100ms
2025-10-22 00:02:39 [info]: ::1 - GET /api/v1/app/68f75ce21929292bbed8fbc5/files 304 - 88ms
2025-10-22 00:02:42 [info]: ::1 - GET /api/v1/app/68f75ce21929292bbed8fbc5/files 304 - 89ms
2025-10-22 00:02:49 [info]: ::1 - GET /api/v1/app/68f77c54a4742181259cdc9f/files 304 - 103ms
2025-10-22 00:02:50 [info]: ::1 - GET /api/v1/app/68f75ce21929292bbed8fbc5/files 304 - 91ms
2025-10-22 00:02:53 [info]: ::1 - GET /api/v1/app/68f7c505fc6d5a1c004870a9/files 304 - 98ms
2025-10-22 00:03:34 [info]: ::1 - GET /api/v1/app/marquee 304 - 88ms
2025-10-22 00:03:34 [info]: ::1 - GET /api/v1/app/folders-with-subfolders 304 - 98ms
2025-10-22 00:03:34 [info]: ::1 - GET /api/v1/app/68f7c505fc6d5a1c004870a9/files 304 - 110ms
2025-10-22 00:52:31 [info]: ::1 - GET /api/v1/app/folders-with-leads 200 - 69ms
2025-10-22 00:52:31 [info]: ::1 - GET /api/v1/unit-price 304 - 58ms
2025-10-22 00:52:31 [info]: ::1 - GET /api/v1/app/folders-with-subfolders 200 - 116ms
2025-10-22 00:52:31 [info]: ::1 - GET /api/v1/app/68f75ce21929292bbed8fbc5/files 200 - 405ms
2025-10-22 00:52:31 [info]: ::1 - GET /api/v1/app/marquee 304 - 426ms
2025-10-22 00:52:33 [info]: ::1 - PUT /api/v1/files/68f777a7a4742181259cdc39 200 - 64ms
2025-10-22 00:52:33 [info]: ::1 - GET /api/v1/app/68f75ce21929292bbed8fbc5/files 304 - 113ms
2025-10-22 00:52:44 [info]: ::1 - GET /api/v1/app/marquee 304 - 63ms
2025-10-22 00:52:48 [info]: ::1 - GET /api/v1/unit-price 304 - 45ms
2025-10-22 00:52:48 [info]: ::1 - GET /api/v1/app/marquee 304 - 45ms
2025-10-22 00:52:48 [info]: ::1 - GET /api/v1/app/folders-with-leads 304 - 52ms
2025-10-22 00:52:48 [info]: ::1 - GET /api/v1/app/folders-with-subfolders 304 - 83ms
2025-10-22 00:52:48 [info]: ::1 - GET /api/v1/app/68f75ce21929292bbed8fbc5/files 304 - 103ms
2025-10-22 00:52:52 [info]: ::1 - GET /api/v1/app/folders-with-leads 304 - 51ms
2025-10-22 00:52:52 [info]: ::1 - GET /api/v1/app/folders-with-subfolders 304 - 86ms
2025-10-22 00:52:52 [info]: ::1 - GET /api/v1/unit-price 304 - 47ms
2025-10-22 00:52:52 [info]: ::1 - GET /api/v1/app/marquee 304 - 75ms
2025-10-22 00:52:52 [info]: ::1 - GET /api/v1/app/68f75ce21929292bbed8fbc5/files 304 - 112ms
2025-10-22 00:53:14 [info]: ::1 - GET /api/v1/unit-price 304 - 49ms
2025-10-22 00:53:14 [info]: ::1 - GET /api/v1/app/marquee 304 - 50ms
2025-10-22 00:53:14 [info]: ::1 - GET /api/v1/app/folders-with-leads 304 - 59ms
2025-10-22 00:53:14 [info]: ::1 - GET /api/v1/app/68f75ce21929292bbed8fbc5/files 304 - 91ms
2025-10-22 00:53:14 [info]: ::1 - GET /api/v1/app/folders-with-subfolders 304 - 107ms
2025-10-22 00:53:41 [info]: ::1 - GET /api/v1/app/marquee 304 - 53ms
2025-10-22 00:53:41 [info]: ::1 - GET /api/v1/app/folders-with-leads 304 - 60ms
2025-10-22 00:53:41 [info]: ::1 - GET /api/v1/unit-price 304 - 59ms
2025-10-22 00:53:42 [info]: ::1 - GET /api/v1/app/folders-with-subfolders 304 - 83ms
2025-10-22 00:53:42 [info]: ::1 - GET /api/v1/app/68f75ce21929292bbed8fbc5/files 304 - 86ms
2025-10-22 00:54:00 [info]: ::1 - GET /api/v1/app/folders-with-leads 304 - 55ms
2025-10-22 00:54:00 [info]: ::1 - GET /api/v1/unit-price 304 - 60ms
2025-10-22 00:54:00 [info]: ::1 - GET /api/v1/app/marquee 304 - 61ms
2025-10-22 00:54:00 [info]: ::1 - GET /api/v1/app/68f75ce21929292bbed8fbc5/files 304 - 177ms
2025-10-22 00:54:00 [info]: ::1 - GET /api/v1/app/folders-with-subfolders 304 - 185ms
2025-10-22 00:54:35 [info]: ::1 - GET /api/v1/app/folders-with-leads 304 - 44ms
2025-10-22 00:54:35 [info]: ::1 - GET /api/v1/app/marquee 304 - 53ms
2025-10-22 00:54:35 [info]: ::1 - GET /api/v1/unit-price 304 - 54ms
2025-10-22 00:54:35 [info]: ::1 - GET /api/v1/app/68f75ce21929292bbed8fbc5/files 304 - 89ms
2025-10-22 00:54:35 [info]: ::1 - GET /api/v1/app/folders-with-subfolders 304 - 92ms
2025-10-22 00:54:35 [info]: ::1 - GET /api/v1/app/folders-with-leads 304 - 169ms
2025-10-22 00:54:35 [info]: ::1 - GET /api/v1/app/folders-with-subfolders 304 - 193ms
2025-10-22 00:54:36 [info]: ::1 - GET /api/v1/app/marquee 304 - 49ms
2025-10-22 00:54:36 [info]: ::1 - GET /api/v1/unit-price 304 - 51ms
2025-10-22 00:54:36 [info]: ::1 - GET /api/v1/app/68f75ce21929292bbed8fbc5/files 304 - 114ms
2025-10-22 00:55:39 [info]: ::1 - GET /api/v1/app/folders-with-leads 304 - 211ms
2025-10-22 00:55:39 [info]: ::1 - GET /api/v1/app/folders-with-subfolders 304 - 609ms
2025-10-22 00:55:39 [info]: ::1 - GET /api/v1/unit-price 304 - 53ms
2025-10-22 00:55:39 [info]: ::1 - GET /api/v1/app/marquee 304 - 55ms
2025-10-22 00:55:39 [info]: ::1 - GET /api/v1/app/68f75ce21929292bbed8fbc5/files 200 - 102ms
2025-10-22 00:55:45 [info]: ::1 - GET /api/v1/unit-price 304 - 44ms
2025-10-22 00:55:45 [info]: ::1 - GET /api/v1/app/folders-with-leads 304 - 50ms
2025-10-22 00:55:45 [info]: ::1 - GET /api/v1/app/marquee 304 - 51ms
2025-10-22 00:55:45 [info]: ::1 - GET /api/v1/app/folders-with-subfolders 304 - 104ms
2025-10-22 00:55:46 [info]: ::1 - GET /api/v1/app/68f75ce21929292bbed8fbc5/files 304 - 460ms
2025-10-22 00:55:51 [info]: ::1 - GET /api/v1/app/folders-with-leads 304 - 53ms
2025-10-22 00:55:51 [info]: ::1 - GET /api/v1/unit-price 304 - 54ms
2025-10-22 00:55:51 [info]: ::1 - GET /api/v1/app/marquee 304 - 53ms
2025-10-22 00:55:51 [info]: ::1 - GET /api/v1/app/68f75ce21929292bbed8fbc5/files 304 - 86ms
2025-10-22 00:55:51 [info]: ::1 - GET /api/v1/app/folders-with-subfolders 304 - 102ms
2025-10-22 00:56:01 [info]: ::1 - GET /api/v1/app/folders-with-leads 304 - 59ms
2025-10-22 00:56:01 [info]: ::1 - GET /api/v1/app/marquee 304 - 57ms
2025-10-22 00:56:01 [info]: ::1 - GET /api/v1/unit-price 304 - 61ms
2025-10-22 00:56:01 [info]: ::1 - GET /api/v1/app/folders-with-subfolders 304 - 95ms
2025-10-22 00:56:01 [info]: ::1 - GET /api/v1/app/68f75ce21929292bbed8fbc5/files 304 - 98ms
2025-10-22 00:56:11 [info]: ::1 - PUT /api/v1/files/68f7bee6372a7102ef00bd68 200 - 60ms
2025-10-22 00:56:11 [info]: ::1 - GET /api/v1/app/68f75ce21929292bbed8fbc5/files 200 - 104ms
2025-10-22 00:56:18 [info]: ::1 - GET /api/v1/app/marquee 304 - 47ms
2025-10-22 00:56:18 [info]: ::1 - GET /api/v1/app/folders-with-subfolders 304 - 101ms
2025-10-22 00:56:18 [info]: ::1 - GET /api/v1/app/68f75ce21929292bbed8fbc5/files 304 - 101ms
2025-10-22 00:57:17 [info]: ::1 - GET /api/v1/app/marquee 304 - 57ms
2025-10-22 00:57:17 [info]: ::1 - GET /api/v1/app/folders-with-subfolders 304 - 89ms
2025-10-22 00:57:17 [info]: ::1 - GET /api/v1/app/68f75ce21929292bbed8fbc5/files 304 - 111ms
2025-10-22 00:57:23 [info]: ::1 - PUT /api/v1/files/68f7bee6372a7102ef00bd68 200 - 62ms
2025-10-22 00:57:23 [info]: ::1 - GET /api/v1/app/68f75ce21929292bbed8fbc5/files 200 - 102ms
2025-10-22 00:57:53 [info]: ::1 - GET /api/v1/app/68f77c54a4742181259cdc9f/files 304 - 110ms
2025-10-22 00:57:55 [info]: ::1 - GET /api/v1/app/68f7cd7e25e3b7028298981b/files 200 - 112ms
2025-10-22 00:57:55 [info]: ::1 - GET /api/v1/unit-price 304 - 56ms
2025-10-22 00:57:56 [info]: ::1 - GET /api/v1/app/68f7ce6525e3b70282989847/files 200 - 105ms
2025-10-22 00:58:00 [info]: ::1 - PUT /api/v1/files/68f7ce9525e3b70282989858 200 - 68ms
2025-10-22 00:58:00 [info]: ::1 - GET /api/v1/app/68f7ce6525e3b70282989847/files 200 - 107ms
2025-10-22 00:58:04 [info]: ::1 - GET /api/v1/app/folders-with-leads 304 - 49ms
2025-10-22 00:58:04 [info]: ::1 - GET /api/v1/unit-price 304 - 51ms
2025-10-22 00:58:04 [info]: ::1 - GET /api/v1/app/marquee 304 - 51ms
2025-10-22 00:58:04 [info]: ::1 - GET /api/v1/app/marquee 304 - 44ms
2025-10-22 00:58:04 [info]: ::1 - GET /api/v1/app/folders-with-subfolders 200 - 97ms
2025-10-22 00:58:04 [info]: ::1 - GET /api/v1/app/68f75ce21929292bbed8fbc5/files 304 - 106ms
2025-10-22 00:58:05 [info]: ::1 - GET /api/v1/app/68f77c54a4742181259cdc9f/files 304 - 114ms
2025-10-22 00:58:06 [info]: ::1 - GET /api/v1/app/68f7cd7e25e3b7028298981b/files 304 - 101ms
2025-10-22 00:58:07 [info]: ::1 - GET /api/v1/app/68f7ce6525e3b70282989847/files 200 - 101ms
2025-10-22 00:58:43 [info]: ::1 - GET /api/v1/app/marquee 304 - 56ms
2025-10-22 00:58:43 [info]: ::1 - GET /api/v1/app/folders-with-subfolders 304 - 97ms
2025-10-22 00:58:43 [info]: ::1 - GET /api/v1/app/68f7ce6525e3b70282989847/files 304 - 116ms
